已經開始建置於 2015/10/21 17:21:13。
     1>節點 2 (Build 目標) 上的專案 "F:\Projects\Qt\QOpenGL_1_1_vs\QOpenGL_1_1.vcxproj"。
     1>C:\Program Files (x86)\MSBuild\Microsoft.Cpp\v4.0\V120\Microsoft.CppBuild.targets(357,5): warning MSB8004: Output Directory does not end with a trailing slash.  This build instance will add the slash as it is required to allow proper evaluation of the Output Directory.
     1>CustomBuild:
         Moc'ing glframework.h...
         Moc'ing mainwindow.h...
       ClCompile:
         F:\Program Files (x86)\Microsoft Visual Studio 12.0\VC\bin\x86_amd64\CL.exe /c /I. /I.\OpenMesh /I.\Eigen /I.\OpenGLTemplate /IF:\Qt\5.5\msvc2013_64\include /IF:\Qt\5.5\msvc2013_64\include\QtWidgets /IF:\Qt\5.5\msvc2013_64\include\QtGui /IF:\Qt\5.5\msvc2013_64\include\QtANGLE /IF:\Qt\5.5\msvc2013_64\include\QtCore /I.\debug /I"F:\Qt\5.5\msvc2013_64\mkspecs\win32-msvc2013" /I.\Intermediate\x64\Debug /Zi /nologo /W3 /WX- /Od /D _WINDOWS /D UNICODE /D WIN32 /D WIN64 /D _USE_MATH_DEFINES /D QT_WIDGETS_LIB /D QT_GUI_LIB /D QT_CORE_LIB /Gm- /EHsc /MDd /GS /fp:precise /Zc:wchar_t /Zc:forScope /GR /Fo"Intermediate\x64\Debug\\" /Fd"Intermediate\x64\Debug\vc120.pdb" /Gd /TP /errorReport:prompt -w34100 -w34189 -w44996 Intermediate\x64\Release\moc_glframework.cpp OpenGLTemplate\glframework.cpp OpenMesh\openmeshframework.cpp mainwindow.cpp
         moc_glframework.cpp
         glframework.cpp
     1>OpenGLTemplate\glframework.cpp(144): warning C4100: 'e' : 未參考的型式參數
         openmeshframework.cpp
     1>OpenMesh\openmeshframework.cpp(179): warning C4100: 'fill' : 未參考的型式參數
     1>OpenMesh\openmeshframework.cpp(187): warning C4100: 'fill' : 未參考的型式參數
     1>OpenMesh\openmeshframework.cpp(227): warning C4806: '==' : 不安全的作業: 類型 'bool' 升至類型 'int' 後沒有值可以等於所給的常數
     1>OpenMesh\openmeshframework.cpp(245): warning C4267: '正在初始化' : 將 'size_t' 轉換為 'const int'，資料可能遺失
     1>OpenMesh\openmeshframework.cpp(246): warning C4267: '正在初始化' : 將 'size_t' 轉換為 'const int'，資料可能遺失
     1>OpenMesh\openmeshframework.cpp(246): warning C4189: 'col' : 已初始化區域變數，但並未參考
     1>OpenMesh\openmeshframework.cpp(245): warning C4189: 'row' : 已初始化區域變數，但並未參考
     1>F:\Projects\Qt\QOpenGL_1_1_vs\OpenMesh\OpenMesh/Core/Utils/vector_cast.hh(94): warning C4100: '_dst' : 未參考的型式參數
                 F:\Projects\Qt\QOpenGL_1_1_vs\OpenMesh\OpenMesh/Core/Utils/vector_cast.hh(89) : 請參閱所要編譯的函式 樣板 具現化 'void OpenMesh::vector_cast<src_t,dst_t>(const src_t &,dst_t &,OpenMesh::GenProg::Int2Type<0>)' 的參考
                 with
                 [
                     src_t=OpenMesh::Vec3f
         ,            dst_t=OpenMesh::VectorT<double,3>
                 ]
                 F:\Projects\Qt\QOpenGL_1_1_vs\OpenMesh\OpenMesh/Core/Utils/vector_cast.hh(89) : 請參閱所要編譯的函式 樣板 具現化 'void OpenMesh::vector_cast<src_t,dst_t,1>(const src_t &,dst_t &,OpenMesh::GenProg::Int2Type<1>)' 的參考
                 with
                 [
                     src_t=OpenMesh::Vec3f
         ,            dst_t=OpenMesh::VectorT<double,3>
                 ]
                 F:\Projects\Qt\QOpenGL_1_1_vs\OpenMesh\OpenMesh/Core/Utils/vector_cast.hh(89) : 請參閱所要編譯的函式 樣板 具現化 'void OpenMesh::vector_cast<src_t,dst_t,2>(const src_t &,dst_t &,OpenMesh::GenProg::Int2Type<2>)' 的參考
                 with
                 [
                     src_t=OpenMesh::Vec3f
         ,            dst_t=OpenMesh::VectorT<double,3>
                 ]
                 F:\Projects\Qt\QOpenGL_1_1_vs\OpenMesh\OpenMesh/Core/Utils/vector_cast.hh(125) : 請參閱所要編譯的函式 樣板 具現化 'void OpenMesh::vector_cast<src_t,dst_t,3>(const src_t &,dst_t &,OpenMesh::GenProg::Int2Type<3>)' 的參考
                 with
                 [
                     src_t=OpenMesh::Vec3f
         ,            dst_t=OpenMesh::VectorT<double,3>
                 ]
                 F:\Projects\Qt\QOpenGL_1_1_vs\OpenMesh\OpenMesh/Core/Utils/vector_cast.hh(123) : 編譯類別 樣板 成員函式 'OpenMesh::VectorT<double,3> OpenMesh::vector_caster<OpenMesh::VectorT<double,3>,OpenMesh::Vec3f>::cast(const src_t &)' 時
                 with
                 [
                     src_t=OpenMesh::Vec3f
                 ]
                 F:\Projects\Qt\QOpenGL_1_1_vs\OpenMesh\OpenMesh/Core/Utils/vector_cast.hh(153) : 請參閱所要編譯的函式 樣板 具現化 'OpenMesh::VectorT<double,3> OpenMesh::vector_caster<OpenMesh::VectorT<double,3>,OpenMesh::Vec3f>::cast(const src_t &)' 的參考
                 with
                 [
                     src_t=OpenMesh::Vec3f
                 ]
                 F:\Projects\Qt\QOpenGL_1_1_vs\OpenMesh\OpenMesh/Core/IO/importer/ImporterT.hh(101) : 請參閱所要編譯的類別 樣板 具現化 'OpenMesh::vector_caster<OpenMesh::VectorT<double,3>,OpenMesh::Vec3f>' 的參考
                 F:\Projects\Qt\QOpenGL_1_1_vs\OpenMesh\OpenMesh/Core/IO/importer/ImporterT.hh(100) : 編譯類別 樣板 成員函式 'OpenMesh::VertexHandle OpenMesh::IO::ImporterT<Mesh>::add_vertex(const OpenMesh::Vec3f &)' 時
                 with
                 [
                     Mesh=OMT::MyTriMesh
                 ]
                 F:\Projects\Qt\QOpenGL_1_1_vs\OpenMesh\OpenMesh/Core/IO/MeshIO.hh(140) : 請參閱所要編譯的類別 樣板 具現化 'OpenMesh::IO::ImporterT<Mesh>' 的參考
                 with
                 [
                     Mesh=OMT::MyTriMesh
                 ]
                 OpenMesh\openmeshframework.cpp(401) : 請參閱所要編譯的函式 樣板 具現化 'bool OpenMesh::IO::read_mesh<OMT::MyTriMesh>(Mesh &,const std::string &,OpenMesh::IO::Options &,bool)' 的參考
                 with
                 [
                     Mesh=OMT::MyTriMesh
                 ]
     1>F:\Projects\Qt\QOpenGL_1_1_vs\OpenMesh\OpenMesh/Core/Utils/vector_cast.hh(94): warning C4100: '_src' : 未參考的型式參數
         mainwindow.cpp
     1>mainwindow.cpp(25): warning C4100: 'obj' : 未參考的型式參數
         正在產生程式碼...
       Link:
         F:\Program Files (x86)\Microsoft Visual Studio 12.0\VC\bin\x86_amd64\link.exe /ERRORREPORT:PROMPT /OUT:"bin\x64\Debug\\QOpenGL_1_1.exe" /NOLOGO /LIBPATH:F:\Qt\5.5\msvc2013_64\lib /LIBPATH:.\OpenMesh\lib\x64\debug qtmaind.lib shell32.lib OpenMeshCored_x64.lib OpenMeshToolsd_x64.lib glu32.lib Qt5Widgetsd.lib Qt5Guid.lib Qt5Cored.lib kernel32.lib user32.lib gdi32.lib winspool.lib comdlg32.lib advapi32.lib shell32.lib ole32.lib oleaut32.lib uuid.lib odbc32.lib odbccp32.lib /MANIFEST /MANIFESTUAC:"level='asInvoker' uiAccess='false'" /manifest:embed /DEBUG /PDB:"bin\x64\Debug\QOpenGL_1_1.pdb" /SUBSYSTEM:WINDOWS /TLBID:1 /DYNAMICBASE /NXCOMPAT /MACHINE:X64 "/MANIFESTDEPENDENCY:type='win32' name='Microsoft.Windows.Common-Controls' version='6.0.0.0' publicKeyToken='6595b64144ccf1df' language='*' processorArchitecture='*'" Intermediate\x64\Debug\qrc_textures.obj
         Intermediate\x64\Debug\moc_glframework.obj
         Intermediate\x64\Debug\moc_mainwindow.obj
         Intermediate\x64\Debug\camera.obj
         Intermediate\x64\Debug\glframework.obj
         Intermediate\x64\Debug\main.obj
         Intermediate\x64\Debug\mainwindow.obj
         Intermediate\x64\Debug\openmeshframework.obj
         Intermediate\x64\Debug\righclickmenu.obj
         Intermediate\x64\Debug\trackballcamera.obj
         Intermediate\x64\Debug\transform.obj
         QOpenGL_1_1.vcxproj -> F:\Projects\Qt\QOpenGL_1_1_vs\bin\x64\Debug\QOpenGL_1_1.exe
     1>專案 "F:\Projects\Qt\QOpenGL_1_1_vs\QOpenGL_1_1.vcxproj" (Build 目標) 建置完成。

建置成功。

經過時間 00:00:14.70
