c:\users\john\desktop\qt+openmesh+linear system\qopengl_1_1_vs_\qopengl_1_1_vs_\intermediate\win32\release\moc_mainwindow.obj
c:\users\john\desktop\qt+openmesh+linear system\qopengl_1_1_vs_\qopengl_1_1_vs_\intermediate\win32\release\camera.obj
c:\users\john\desktop\qt+openmesh+linear system\qopengl_1_1_vs_\qopengl_1_1_vs_\intermediate\win32\release\trackballcamera.obj
c:\users\john\desktop\qt+openmesh+linear system\qopengl_1_1_vs_\qopengl_1_1_vs_\intermediate\win32\release\moc_glframework.obj
c:\users\john\desktop\qt+openmesh+linear system\qopengl_1_1_vs_\qopengl_1_1_vs_\intermediate\win32\release\main.obj
c:\users\john\desktop\qt+openmesh+linear system\qopengl_1_1_vs_\qopengl_1_1_vs_\intermediate\win32\release\transform.obj
c:\users\john\desktop\qt+openmesh+linear system\qopengl_1_1_vs_\qopengl_1_1_vs_\intermediate\win32\release\mainwindow.obj
c:\users\john\desktop\qt+openmesh+linear system\qopengl_1_1_vs_\qopengl_1_1_vs_\intermediate\win32\release\openmeshframework.obj
c:\users\john\desktop\qt+openmesh+linear system\qopengl_1_1_vs_\qopengl_1_1_vs_\intermediate\win32\release\glframework.obj
c:\users\john\desktop\qt+openmesh+linear system\qopengl_1_1_vs_\qopengl_1_1_vs_\intermediate\win32\release\qrc_textures.obj
c:\users\john\desktop\qt+openmesh+linear system\qopengl_1_1_vs_\qopengl_1_1_vs_\intermediate\win32\release\vc120.pdb
c:\users\john\desktop\qt+openmesh+linear system\qopengl_1_1_vs_\qopengl_1_1_vs_\intermediate\win32\release\moc_mainwindow.cpp
c:\users\john\desktop\qt+openmesh+linear system\qopengl_1_1_vs_\qopengl_1_1_vs_\intermediate\win32\release\ui_mainwindow.h
c:\users\john\desktop\qt+openmesh+linear system\qopengl_1_1_vs_\qopengl_1_1_vs_\intermediate\win32\release\qrc_textures.cpp
c:\users\john\desktop\qt+openmesh+linear system\qopengl_1_1_vs_\qopengl_1_1_vs_\intermediate\win32\release\moc_glframework.cpp
c:\users\john\desktop\qt+openmesh+linear system\qopengl_1_1_vs_\qopengl_1_1_vs_\bin\win32\release\qopengl_1_1.exe
c:\users\john\desktop\qt+openmesh+linear system\qopengl_1_1_vs_\qopengl_1_1_vs_\.\bin\win32\release\qopengl_1_1.exe
c:\users\john\desktop\qt+openmesh+linear system\qopengl_1_1_vs_\qopengl_1_1_vs_\intermediate\win32\release\qopengl_1_1.tlog\cl.command.1.tlog
c:\users\john\desktop\qt+openmesh+linear system\qopengl_1_1_vs_\qopengl_1_1_vs_\intermediate\win32\release\qopengl_1_1.tlog\cl.read.1.tlog
c:\users\john\desktop\qt+openmesh+linear system\qopengl_1_1_vs_\qopengl_1_1_vs_\intermediate\win32\release\qopengl_1_1.tlog\cl.write.1.tlog
c:\users\john\desktop\qt+openmesh+linear system\qopengl_1_1_vs_\qopengl_1_1_vs_\intermediate\win32\release\qopengl_1_1.tlog\custombuild.command.1.tlog
c:\users\john\desktop\qt+openmesh+linear system\qopengl_1_1_vs_\qopengl_1_1_vs_\intermediate\win32\release\qopengl_1_1.tlog\custombuild.read.1.tlog
c:\users\john\desktop\qt+openmesh+linear system\qopengl_1_1_vs_\qopengl_1_1_vs_\intermediate\win32\release\qopengl_1_1.tlog\custombuild.write.1.tlog
c:\users\john\desktop\qt+openmesh+linear system\qopengl_1_1_vs_\qopengl_1_1_vs_\intermediate\win32\release\qopengl_1_1.tlog\link.command.1.tlog
c:\users\john\desktop\qt+openmesh+linear system\qopengl_1_1_vs_\qopengl_1_1_vs_\intermediate\win32\release\qopengl_1_1.tlog\link.read.1.tlog
c:\users\john\desktop\qt+openmesh+linear system\qopengl_1_1_vs_\qopengl_1_1_vs_\intermediate\win32\release\qopengl_1_1.tlog\link.write.1.tlog
