f:\projects\qt\qopengl_1_1_vs\intermediate\x64\release\vc120.pdb
f:\projects\qt\qopengl_1_1_vs\intermediate\x64\release\vc120.idb
f:\projects\qt\qopengl_1_1_vs\intermediate\x64\release\qrc_textures.obj
f:\projects\qt\qopengl_1_1_vs\intermediate\x64\release\moc_glframework.obj
f:\projects\qt\qopengl_1_1_vs\intermediate\x64\release\moc_mainwindow.obj
f:\projects\qt\qopengl_1_1_vs\intermediate\x64\release\camera.obj
f:\projects\qt\qopengl_1_1_vs\intermediate\x64\release\glframework.obj
f:\projects\qt\qopengl_1_1_vs\intermediate\x64\release\main.obj
f:\projects\qt\qopengl_1_1_vs\intermediate\x64\release\mainwindow.obj
f:\projects\qt\qopengl_1_1_vs\intermediate\x64\release\openmeshframework.obj
f:\projects\qt\qopengl_1_1_vs\intermediate\x64\release\righclickmenu.obj
f:\projects\qt\qopengl_1_1_vs\intermediate\x64\release\trackballcamera.obj
f:\projects\qt\qopengl_1_1_vs\intermediate\x64\release\transform.obj
f:\projects\qt\qopengl_1_1_vs\intermediate\x64\release\moc_glframework.cpp
f:\projects\qt\qopengl_1_1_vs\intermediate\x64\release\moc_mainwindow.cpp
f:\projects\qt\qopengl_1_1_vs\intermediate\x64\release\ui_mainwindow.h
f:\projects\qt\qopengl_1_1_vs\intermediate\x64\release\qrc_textures.cpp
f:\projects\qt\qopengl_1_1_vs\intermediate\x64\release\qopengl_1_1.tlog\cl.command.1.tlog
f:\projects\qt\qopengl_1_1_vs\intermediate\x64\release\qopengl_1_1.tlog\cl.read.1.tlog
f:\projects\qt\qopengl_1_1_vs\intermediate\x64\release\qopengl_1_1.tlog\cl.write.1.tlog
f:\projects\qt\qopengl_1_1_vs\intermediate\x64\release\qopengl_1_1.tlog\custombuild.command.1.tlog
f:\projects\qt\qopengl_1_1_vs\intermediate\x64\release\qopengl_1_1.tlog\custombuild.read.1.tlog
f:\projects\qt\qopengl_1_1_vs\intermediate\x64\release\qopengl_1_1.tlog\custombuild.write.1.tlog
f:\projects\qt\qopengl_1_1_vs\intermediate\x64\release\qopengl_1_1.tlog\link.command.1.tlog
f:\projects\qt\qopengl_1_1_vs\intermediate\x64\release\qopengl_1_1.tlog\link.read.1.tlog
f:\projects\qt\qopengl_1_1_vs\intermediate\x64\release\qopengl_1_1.tlog\link.write.1.tlog
